Not searching for unused variables given on the command line.
[36m--[0m The CXX compiler identification is GNU 9.4.0
[36m--[0m Check for working CXX compiler: /usr/bin/c++
[36m--[0m Check for working CXX compiler: /usr/bin/c++ -- works
[36m--[0m Detecting CXX compiler ABI info
[36m--[0m Detecting CXX compiler ABI info - done
[36m--[0m Detecting CXX compile features
[36m--[0m Detecting CXX compile features - done
[36m--[0m Found Boost: /usr/lib/x86_64-linux-gnu/cmake/Boost-1.71.0/BoostConfig.cmake (found suitable version "1.71.0", minimum required is "1.65") found components: serialization system filesystem thread program_options date_time timer chrono regex
[36m--[0m GTSAM include directory:  /home/banafshe/catkin_ws/devel/lib/cmake/GTSAM/../../../include
[36m--[0m GTSAM include directory:  /home/banafshe/catkin_ws/devel/lib/cmake/GTSAM/../../../include
[36m--[0m Found Boost: /usr/lib/x86_64-linux-gnu/cmake/Boost-1.71.0/BoostConfig.cmake (found version "1.71.0") found components: filesystem regex timer date_time program_options
[36m--[0m ===============================================================
[36m--[0m ================  Configuration Options  ======================
[36m--[0m CMAKE_CXX_COMPILER_ID type                : GNU
[36m--[0m CMAKE_CXX_COMPILER_VERSION                : 9.4.0
[36m--[0m Build flags
[36m--[0m   Build type                              : Release
[36m--[0m   C compilation flags (Release)           :
[36m--[0m   C++ compilation flags (Release)         :  -O3 -DNDEBUG
[36m--[0m Configuring done
[36m--[0m Generating done
[36m--[0m Build files have been written to: /home/banafshe/catkin_ws/build/kimera_rpgo
