[  0%] Built target nav_msgs_generate_messages_lisp
[  0%] Built target nav_msgs_generate_messages_eus
[  0%] Built target map_msgs_generate_messages_lisp
[  0%] Built target pcl_msgs_generate_messages_py
[  0%] Built target map_msgs_generate_messages_nodejs
[  0%] Built target rviz_generate_messages_lisp
[  0%] Built target visualization_msgs_generate_messages_lisp
[  0%] Built target voxblox_msgs_generate_messages_eus
[  0%] Built target voxblox_msgs_generate_messages_nodejs
[  0%] Built target voxblox_msgs_generate_messages_py
[  0%] Built target topic_tools_generate_messages_lisp
[  0%] Built target topic_tools_generate_messages_nodejs
[  0%] Built target map_msgs_generate_messages_cpp
[  0%] Built target rviz_generate_messages_py
[  0%] Built target voxblox_msgs_generate_messages_cpp
[  0%] Built target visualization_msgs_generate_messages_nodejs
[  0%] Built target nav_msgs_generate_messages_cpp
[  0%] Built target rviz_generate_messages_nodejs
[  0%] Built target visualization_msgs_generate_messages_py
[  0%] Built target topic_tools_generate_messages_eus
[  0%] Built target visualization_msgs_generate_messages_eus
[  0%] Built target topic_tools_generate_messages_cpp
[  0%] Built target std_srvs_generate_messages_lisp
[  0%] Built target std_srvs_generate_messages_nodejs
[  0%] Built target bond_generate_messages_nodejs
[  0%] Built target bond_generate_messages_lisp
[  0%] Built target std_srvs_generate_messages_eus
[  0%] Built target tf_generate_messages_cpp
[  0%] Built target geometry_msgs_generate_messages_lisp
[  0%] Built target bond_generate_messages_eus
[  0%] Built target nodelet_generate_messages_py
[  0%] Built target dynamic_reconfigure_gencfg
[  0%] Built target nodelet_generate_messages_nodejs
[  0%] Built target bond_generate_messages_py
[  0%] Built target std_msgs_generate_messages_nodejs
[  0%] Built target voxblox_msgs_generate_messages_lisp
[  0%] Built target nodelet_generate_messages_cpp
[  0%] Built target nodelet_generate_messages_eus
[  0%] Built target nodelet_generate_messages_lisp
[  0%] Built target tf_generate_messages_nodejs
[  0%] Built target tf2_msgs_generate_messages_cpp
[  0%] Built target geometry_msgs_generate_messages_eus
[  0%] Built target std_msgs_generate_messages_cpp
[  0%] Built target map_msgs_generate_messages_py
[  0%] Built target dynamic_reconfigure_generate_messages_lisp
[  0%] Built target actionlib_generate_messages_lisp
[  0%] Built target nodelet_topic_tools_gencfg
[  0%] Built target topic_tools_generate_messages_py
[  0%] Built target map_msgs_generate_messages_eus
[  0%] Built target geometry_msgs_generate_messages_py
[  0%] Built target rviz_generate_messages_cpp
[  0%] Built target sensor_msgs_generate_messages_lisp
[  0%] Built target roscpp_generate_messages_cpp
[  0%] Built target sensor_msgs_generate_messages_eus
[  0%] Built target visualization_msgs_generate_messages_cpp
[  0%] Built target roscpp_generate_messages_lisp
[  0%] Built target sensor_msgs_generate_messages_nodejs
[  0%] Built target std_srvs_generate_messages_cpp
[  0%] Built target tf_generate_messages_eus
[  0%] Built target std_msgs_generate_messages_lisp
[  0%] Built target rosgraph_msgs_generate_messages_lisp
[  0%] Built target rosgraph_msgs_generate_messages_py
[  0%] Built target dynamic_reconfigure_generate_messages_py
[  0%] Built target roscpp_generate_messages_py
[  0%] Built target rviz_generate_messages_eus
[  0%] Built target tf_generate_messages_lisp
[  0%] Built target nav_msgs_generate_messages_py
[  0%] Built target actionlib_msgs_generate_messages_eus
[  0%] Built target sensor_msgs_generate_messages_py
[  0%] Built target dynamic_reconfigure_generate_messages_eus
[  0%] Built target geometry_msgs_generate_messages_cpp
[  0%] Built target geometry_msgs_generate_messages_nodejs
[  0%] Built target dynamic_reconfigure_generate_messages_cpp
[  0%] Built target roscpp_generate_messages_eus
[  0%] Built target tf2_msgs_generate_messages_eus
[  0%] Built target std_msgs_generate_messages_py
[  0%] Built target tf2_msgs_generate_messages_py
[  0%] Built target dynamic_reconfigure_generate_messages_nodejs
[  0%] Built target bond_generate_messages_cpp
[  0%] Built target nav_msgs_generate_messages_nodejs
[  0%] Built target std_srvs_generate_messages_py
[  0%] Built target roscpp_generate_messages_nodejs
[  0%] Built target pcl_msgs_generate_messages_cpp
[  0%] Built target rosgraph_msgs_generate_messages_nodejs
[  0%] Built target sensor_msgs_generate_messages_cpp
[  0%] Built target rosgraph_msgs_generate_messages_eus
[  0%] Built target actionlib_generate_messages_cpp
[  0%] Built target pcl_ros_gencfg
[  0%] Built target actionlib_msgs_generate_messages_py
[  0%] Built target rosgraph_msgs_generate_messages_cpp
[  0%] Built target actionlib_generate_messages_nodejs
[  0%] Built target actionlib_generate_messages_eus
[  0%] Built target actionlib_generate_messages_py
[  0%] Built target std_msgs_generate_messages_eus
[  0%] Built target tf2_msgs_generate_messages_lisp
[  0%] Built target tf2_msgs_generate_messages_nodejs
[  0%] Built target tf_generate_messages_py
[  0%] Built target actionlib_msgs_generate_messages_cpp
[  0%] Built target actionlib_msgs_generate_messages_lisp
[  0%] Built target pcl_msgs_generate_messages_nodejs
[  0%] Built target pcl_msgs_generate_messages_lisp
[  0%] Built target pcl_msgs_generate_messages_eus
[  0%] Built target actionlib_msgs_generate_messages_nodejs
[35m[1mScanning dependencies of target kimera_semantics_ros[0m
[  9%] [32mBuilding CXX object CMakeFiles/kimera_semantics_ros.dir/src/ros_params.cpp.o[0m
[ 18%] [32mBuilding CXX object CMakeFiles/kimera_semantics_ros.dir/src/semantic_simulation_server.cpp.o[0m
[ 27%] [32mBuilding CXX object CMakeFiles/kimera_semantics_ros.dir/src/semantic_tsdf_server.cpp.o[0m
[ 36%] [32m[1mLinking CXX shared library /home/banafshe/catkin_ws/devel/lib/libkimera_semantics_ros.so[0m
[ 45%] Built target kimera_semantics_ros
[35m[1mScanning dependencies of target semantic_simulator_eval[0m
[35m[1mScanning dependencies of target kimera_semantics_node[0m
[35m[1mScanning dependencies of target kimera_semantics_rosbag[0m
[ 54%] [32mBuilding CXX object CMakeFiles/semantic_simulator_eval.dir/src/semantic_simulation_eval.cpp.o[0m
[ 63%] [32mBuilding CXX object CMakeFiles/kimera_semantics_node.dir/src/kimera_semantics_node.cpp.o[0m
[ 72%] [32mBuilding CXX object CMakeFiles/kimera_semantics_rosbag.dir/src/kimera_semantics_rosbag.cpp.o[0m
[ 81%] [32m[1mLinking CXX executable /home/banafshe/catkin_ws/devel/lib/kimera_semantics_ros/semantic_simulator_eval[0m
[ 81%] Built target semantic_simulator_eval
[ 90%] [32m[1mLinking CXX executable /home/banafshe/catkin_ws/devel/lib/kimera_semantics_ros/kimera_semantics_node[0m
[ 90%] Built target kimera_semantics_node
[100%] [32m[1mLinking CXX executable /home/banafshe/catkin_ws/devel/lib/kimera_semantics_ros/kimera_semantics_rosbag[0m
/usr/bin/ld: warning: libopencv_calib3d.so.4.2, needed by /opt/ros/noetic/lib/libimage_geometry.so, may conflict with libopencv_calib3d.so.3.4
/usr/bin/ld: warning: libopencv_imgcodecs.so.4.2, needed by /opt/ros/noetic/lib/libcv_bridge.so, may conflict with libopencv_imgcodecs.so.3.4
/usr/bin/ld: warning: libopencv_imgproc.so.3.4, needed by /home/banafshe/catkin_ws/devel/lib/libopencv_calib3d.so, may conflict with libopencv_imgproc.so.4.2
[100%] Built target kimera_semantics_rosbag
