[  0%] Built target tf2_msgs_generate_messages_nodejs
[  0%] Built target visualization_msgs_generate_messages_py
[  0%] Built target geometry_msgs_generate_messages_py
[  0%] Built target std_msgs_generate_messages_py
[  0%] Built target roscpp_generate_messages_py
[  0%] Built target sensor_msgs_generate_messages_py
[  0%] Built target roscpp_generate_messages_nodejs
[  0%] Built target std_msgs_generate_messages_nodejs
[  0%] Built target sensor_msgs_generate_messages_nodejs
[  0%] Built target geometry_msgs_generate_messages_nodejs
[  0%] Built target _pose_graph_tools_generate_messages_check_deps_TimeRangeQuery
[  0%] Built target _pose_graph_tools_generate_messages_check_deps_PoseGraphQuery
[  0%] Built target _pose_graph_tools_generate_messages_check_deps_VLCFrameMsg
[  0%] Built target _pose_graph_tools_generate_messages_check_deps_PoseGraphNode
[  0%] Built target _pose_graph_tools_generate_messages_check_deps_BowQuery
[  0%] Built target _pose_graph_tools_generate_messages_check_deps_BowVector
[  0%] Built target _pose_graph_tools_generate_messages_check_deps_LoopClosures
[  0%] Built target _pose_graph_tools_generate_messages_check_deps_VLCFrames
[  0%] Built target _pose_graph_tools_generate_messages_check_deps_VLCRequests
[  0%] Built target _pose_graph_tools_generate_messages_check_deps_LcdFrameRegistration
[  0%] Built target _pose_graph_tools_generate_messages_check_deps_LoopClosuresAck
[  0%] Built target std_msgs_generate_messages_lisp
[  0%] Built target visualization_msgs_generate_messages_lisp
[  0%] Built target visualization_msgs_generate_messages_nodejs
[  0%] Built target _pose_graph_tools_generate_messages_check_deps_VLCFrameQuery
[  0%] Built target roscpp_generate_messages_lisp
[  0%] Built target geometry_msgs_generate_messages_lisp
[  0%] Built target _pose_graph_tools_generate_messages_check_deps_PoseGraph
[  0%] Built target _pose_graph_tools_generate_messages_check_deps_BowQueries
[  0%] Built target _pose_graph_tools_generate_messages_check_deps_PoseGraphEdge
[  0%] Built target sensor_msgs_generate_messages_lisp
[  0%] Built target visualization_msgs_generate_messages_eus
[  0%] Built target _pose_graph_tools_generate_messages_check_deps_BowRequests
[  0%] Built target geometry_msgs_generate_messages_eus
[  0%] Built target rosgraph_msgs_generate_messages_lisp
[  0%] Built target visualization_msgs_generate_messages_cpp
[  0%] Built target roscpp_generate_messages_eus
[  0%] Built target sensor_msgs_generate_messages_cpp
[  0%] Built target std_msgs_generate_messages_cpp
[  0%] Built target actionlib_msgs_generate_messages_eus
[  0%] Built target rosgraph_msgs_generate_messages_nodejs
[  0%] Built target actionlib_msgs_generate_messages_py
[  0%] Built target std_msgs_generate_messages_eus
[  0%] Built target sensor_msgs_generate_messages_eus
[  0%] Built target geometry_msgs_generate_messages_cpp
[  0%] Built target actionlib_generate_messages_cpp
[  0%] Built target roscpp_generate_messages_cpp
[  0%] Built target actionlib_generate_messages_lisp
[  0%] Built target tf2_msgs_generate_messages_cpp
[  0%] Built target tf2_msgs_generate_messages_eus
[  0%] Built target rosgraph_msgs_generate_messages_eus
[  0%] Built target rosgraph_msgs_generate_messages_py
[  0%] Built target tf2_msgs_generate_messages_py
[  0%] Built target actionlib_msgs_generate_messages_lisp
[  0%] Built target rosgraph_msgs_generate_messages_cpp
[  0%] Built target tf2_msgs_generate_messages_lisp
[  0%] Built target actionlib_msgs_generate_messages_nodejs
[  0%] Built target actionlib_generate_messages_eus
[  0%] Built target actionlib_generate_messages_nodejs
[ 17%] Built target pose_graph_tools_generate_messages_lisp
[ 37%] Built target pose_graph_tools_generate_messages_py
[ 37%] Built target actionlib_msgs_generate_messages_cpp
[ 55%] Built target pose_graph_tools_generate_messages_nodejs
[ 60%] Built target actionlib_generate_messages_py
[ 74%] Built target pose_graph_tools_generate_messages_eus
[ 92%] Built target pose_graph_tools_generate_messages_cpp
[ 92%] Built target pose_graph_tools_generate_messages
[ 98%] Built target pose_graph_tools
[100%] Built target visualizer_node
