[  0%] Built target actionlib_generate_messages_py
[  0%] Built target std_srvs_generate_messages_eus
[  0%] Built target actionlib_msgs_generate_messages_py
[  0%] Built target tf2_msgs_generate_messages_lisp
[  0%] Built target tf_generate_messages_nodejs
[  9%] [32m[1mLinking CXX executable /home/banafshe/catkin_ws/devel/lib/image_undistort/dense_stereo_node[0m
[  9%] [32m[1mLinking CXX executable /home/banafshe/catkin_ws/devel/lib/image_undistort/image_undistort_node[0m
[  9%] Built target tf2_msgs_generate_messages_nodejs
[ 14%] [32m[1mLinking CXX executable /home/banafshe/catkin_ws/devel/lib/image_undistort/depth_node[0m
[ 14%] Built target actionlib_generate_messages_nodejs
[ 19%] [32m[1mLinking CXX executable /home/banafshe/catkin_ws/devel/lib/image_undistort/stereo_info_node[0m
[ 19%] Built target actionlib_generate_messages_cpp
[ 19%] Built target topic_tools_generate_messages_nodejs
[ 23%] [32m[1mLinking CXX executable /home/banafshe/catkin_ws/devel/lib/image_undistort/stereo_undistort_node[0m
[ 23%] Built target actionlib_msgs_generate_messages_cpp
[ 23%] Built target topic_tools_generate_messages_lisp
[ 23%] Built target topic_tools_generate_messages_eus
[ 23%] Built target tf_generate_messages_lisp
[ 23%] Built target tf_generate_messages_cpp
[ 23%] Built target geometry_msgs_generate_messages_eus
[ 23%] Built target actionlib_msgs_generate_messages_eus
[ 23%] Built target pcl_msgs_generate_messages_cpp
[ 23%] Built target dynamic_reconfigure_generate_messages_py
[ 23%] Built target tf2_msgs_generate_messages_cpp
[ 23%] Built target dynamic_reconfigure_generate_messages_lisp
[ 23%] Built target sensor_msgs_generate_messages_cpp
[ 23%] Built target dynamic_reconfigure_gencfg
[ 23%] Built target std_msgs_generate_messages_lisp
[ 23%] Built target nodelet_generate_messages_cpp
[ 23%] Built target std_msgs_generate_messages_py
[ 23%] Built target pcl_ros_gencfg
[ 23%] Built target std_msgs_generate_messages_nodejs
[ 23%] Built target std_msgs_generate_messages_cpp
[ 23%] Built target rosgraph_msgs_generate_messages_nodejs
[ 23%] Built target nodelet_generate_messages_lisp
[ 23%] Built target actionlib_generate_messages_lisp
[ 23%] Built target roscpp_generate_messages_lisp
[ 23%] Built target std_srvs_generate_messages_lisp
[ 23%] Built target tf_generate_messages_eus
[ 23%] Built target topic_tools_generate_messages_py
[ 23%] Built target std_srvs_generate_messages_cpp
[ 23%] Built target rosgraph_msgs_generate_messages_py
[ 23%] Built target roscpp_generate_messages_py
[ 23%] Built target roscpp_generate_messages_cpp
[ 23%] Built target roscpp_generate_messages_eus
[ 23%] Built target rosgraph_msgs_generate_messages_lisp
[ 23%] Built target dynamic_reconfigure_generate_messages_cpp
[ 23%] Built target geometry_msgs_generate_messages_cpp
[ 23%] Built target actionlib_msgs_generate_messages_nodejs
[ 23%] Built target tf_generate_messages_py
[ 23%] Built target actionlib_generate_messages_eus
[ 23%] Built target roscpp_generate_messages_nodejs
[ 23%] Built target rosgraph_msgs_generate_messages_cpp
[ 23%] Built target std_srvs_generate_messages_py
[ 23%] Built target rosgraph_msgs_generate_messages_eus
[ 23%] Built target std_msgs_generate_messages_eus
[ 23%] Built target geometry_msgs_generate_messages_lisp
[ 23%] Built target dynamic_reconfigure_generate_messages_eus
[ 23%] Built target nodelet_generate_messages_eus
[ 23%] Built target actionlib_msgs_generate_messages_lisp
[ 23%] Built target tf2_msgs_generate_messages_eus
[ 23%] Built target geometry_msgs_generate_messages_nodejs
[ 23%] Built target geometry_msgs_generate_messages_py
[ 23%] Built target sensor_msgs_generate_messages_py
[ 23%] Built target nodelet_generate_messages_nodejs
[ 23%] Built target bond_generate_messages_nodejs
[ 23%] Built target bond_generate_messages_eus
[ 23%] Built target tf2_msgs_generate_messages_py
[ 23%] Built target std_srvs_generate_messages_nodejs
[ 23%] Built target dynamic_reconfigure_generate_messages_nodejs
[ 23%] Built target bond_generate_messages_cpp
[ 23%] Built target nodelet_generate_messages_py
[ 23%] Built target sensor_msgs_generate_messages_nodejs
[ 23%] Built target bond_generate_messages_lisp
[ 23%] Built target pcl_msgs_generate_messages_nodejs
[ 23%] Built target sensor_msgs_generate_messages_eus
[ 23%] Built target bond_generate_messages_py
[ 23%] Built target nodelet_topic_tools_gencfg
[ 23%] Built target sensor_msgs_generate_messages_lisp
[ 23%] Built target topic_tools_generate_messages_cpp
[ 23%] Built target pcl_msgs_generate_messages_eus
[ 23%] Built target pcl_msgs_generate_messages_lisp
[ 23%] Built target pcl_msgs_generate_messages_py
[ 28%] [32m[1mLinking CXX shared library /home/banafshe/catkin_ws/devel/lib/libimage_undistort_nodelet.so[0m
[ 33%] Built target image_undistort_node
[ 42%] Built target depth_node
[ 42%] Built target stereo_info_node
[ 47%] Built target dense_stereo_node
[ 52%] Built target stereo_undistort_node
[100%] Built target image_undistort_nodelet
