[  2%] Built target CppUnitLite
[ 18%] Built target metis-gtsam
[ 57%] Built target gtsam
[ 60%] Built target UGM_chain
[ 60%] Built target StereoVOExample_large
[ 60%] Built target easyPoint2KalmanFilter
[ 60%] Built target StereoVOExample
[ 60%] Built target UGM_small
[ 63%] Built target SolverComparer
[ 63%] Built target VisualISAMExample
[ 63%] Built target Pose2SLAMStressTest
[ 63%] Built target METISOrderingExample
[ 65%] Built target LocalizationExample
[ 65%] Built target SelfCalibrationExample
[ 68%] Built target SFMExample_bal
[ 68%] Built target InverseKinematicsExampleExpressions
[ 68%] Built target SFMExample_SmartFactor
[ 68%] Built target SFMExample_SmartFactorPCG
[ 71%] Built target ISAM2Example_SmartFactor
[ 73%] Built target SFMExample
[ 73%] Built target RangeISAMExample_plaza2
[ 73%] Built target ShonanAveragingCLI
[ 73%] Built target ImuFactorsExample2
[ 73%] Built target SFMExampleExpressions_bal
[ 76%] Built target SimpleRotation
[ 76%] Built target CameraResectioning
[ 76%] Built target VisualISAM2Example
[ 76%] Built target CombinedImuFactorsExample
[ 76%] Built target Pose2SLAMExample_graph
[ 76%] Built target HMMExample
[ 76%] Built target DiscreteBayesNet_FG
[ 76%] Built target DiscreteBayesNetExample
[ 78%] Built target FisheyeExample
[ 78%] Built target CreateSFMExampleData
[ 78%] Built target Pose2SLAMwSPCG
[ 78%] Built target IMUKittiExampleGPS
[ 78%] Built target SFMExampleExpressions
[ 78%] Built target Pose3SLAMExample_initializePose3Chordal
[ 78%] Built target Pose2SLAMExampleExpressions
[ 78%] Built target SFMExample_bal_COLAMD_METIS
[ 81%] Built target Pose2SLAMExample
[ 81%] Built target Pose3SLAMExample_initializePose3Gradient
[ 81%] Built target ImuFactorsExample
[ 81%] Built target TimeTBB
[ 84%] Built target PlanarSLAMExample
[ 84%] Built target Pose2SLAMExample_lago
[ 84%] Built target Pose3Localization
[ 84%] Built target Pose2SLAMExample_graphviz
[ 84%] Built target Pose3SLAMExampleExpressions_BearingRangeWithTransform
[ 84%] Built target OdometryExample
[ 86%] Built target Pose3SLAMExample_changeKeys
[ 86%] Built target Pose3SLAMExample_g2o
[ 86%] Built target Pose2SLAMExample_g2o
[ 97%] Built target gtsam_unstable
[ 97%] Built target schedulingExample
[100%] Built target schedulingQuals12
[100%] Built target schedulingQuals13
[100%] Built target TimeOfArrivalExample
[100%] Built target ConcurrentCalibration
[100%] Built target ConcurrentFilteringAndSmoothingExample
[100%] Built target GncPoseAveragingExample
[100%] Built target SmartRangeExample_plaza2
[100%] Built target SmartStereoProjectionFactorExample
[100%] Built target SmartRangeExample_plaza1
[100%] Built target FixedLagSmootherExample
[100%] Built target ISAM2_SmartFactorStereo_IMU
[100%] Built target SmartProjectionFactorExample
