[  0%] Built target rviz_generate_messages_eus
[  0%] Built target nav_msgs_generate_messages_py
[  0%] Built target topic_tools_generate_messages_eus
[  0%] Built target nodelet_generate_messages_cpp
[  0%] Built target actionlib_generate_messages_eus
[  0%] Built target topic_tools_generate_messages_cpp
[  0%] Built target geometry_msgs_generate_messages_lisp
[  0%] Built target visualization_msgs_generate_messages_py
[  0%] Built target actionlib_msgs_generate_messages_nodejs
[  0%] Built target actionlib_msgs_generate_messages_lisp
[  0%] Built target rosgraph_msgs_generate_messages_cpp
[  0%] Built target std_srvs_generate_messages_eus
[  0%] Built target actionlib_msgs_generate_messages_cpp
[  0%] Built target geometry_msgs_generate_messages_nodejs
[  0%] Built target roscpp_generate_messages_nodejs
[  0%] Built target geometry_msgs_generate_messages_py
[  0%] Built target nav_msgs_generate_messages_eus
[  0%] Built target rosgraph_msgs_generate_messages_eus
[  0%] Built target pose_graph_tools_generate_messages_cpp
[  0%] Built target tf_generate_messages_cpp
[  0%] Built target dynamic_reconfigure_generate_messages_eus
[  0%] Built target rviz_generate_messages_cpp
[  0%] Built target sensor_msgs_generate_messages_py
[  0%] Built target geometry_msgs_generate_messages_cpp
[  0%] Built target roscpp_generate_messages_eus
[  0%] Built target topic_tools_generate_messages_lisp
[  0%] Built target topic_tools_generate_messages_nodejs
[  0%] Built target nodelet_topic_tools_gencfg
[  0%] Built target topic_tools_generate_messages_py
[  0%] Built target nav_msgs_generate_messages_cpp
[  0%] Built target tf_generate_messages_nodejs
[  0%] Built target tf_generate_messages_lisp
[  0%] Built target visualization_msgs_generate_messages_eus
[  0%] Built target tf2_msgs_generate_messages_eus
[  0%] Built target sensor_msgs_generate_messages_eus
[  0%] Built target nodelet_generate_messages_py
[  0%] Built target std_srvs_generate_messages_nodejs
[  0%] Built target roscpp_generate_messages_cpp
[  0%] Built target std_srvs_generate_messages_cpp
[  0%] Built target roscpp_generate_messages_py
[  0%] Built target sensor_msgs_generate_messages_nodejs
[  0%] Built target std_msgs_generate_messages_lisp
[  0%] Built target std_srvs_generate_messages_lisp
[  0%] Built target std_msgs_generate_messages_eus
[  0%] Built target actionlib_msgs_generate_messages_eus
[  0%] Built target nav_msgs_generate_messages_nodejs
[  0%] Built target rosgraph_msgs_generate_messages_lisp
[  0%] Built target roscpp_generate_messages_lisp
[  0%] Built target tf_generate_messages_eus
[  0%] Built target dynamic_reconfigure_generate_messages_py
[  0%] Built target map_msgs_generate_messages_py
[  0%] Built target std_msgs_generate_messages_py
[  0%] Built target visualization_msgs_generate_messages_cpp
[  0%] Built target nodelet_generate_messages_lisp
[  0%] Built target geometry_msgs_generate_messages_eus
[  0%] Built target std_msgs_generate_messages_nodejs
[  0%] Built target actionlib_msgs_generate_messages_py
[  0%] Built target sensor_msgs_generate_messages_cpp
[  0%] Built target std_msgs_generate_messages_cpp
[  0%] Built target actionlib_generate_messages_nodejs
[  0%] Built target rosgraph_msgs_generate_messages_nodejs
[  0%] Built target std_srvs_generate_messages_py
[  0%] Built target actionlib_generate_messages_py
[  0%] Built target dynamic_reconfigure_generate_messages_lisp
[  0%] Built target tf2_msgs_generate_messages_cpp
[  0%] Built target tf2_msgs_generate_messages_lisp
[  0%] Built target nav_msgs_generate_messages_lisp
[  0%] Built target tf2_msgs_generate_messages_py
[  0%] Built target nodelet_generate_messages_nodejs
[  0%] Built target pcl_ros_gencfg
[  0%] Built target pose_graph_tools_generate_messages_nodejs
[  0%] Built target visualization_msgs_generate_messages_nodejs
[  0%] Built target bond_generate_messages_cpp
[  0%] Built target pose_graph_tools_generate_messages_lisp
[  0%] Built target dynamic_reconfigure_generate_messages_cpp
[  0%] Built target rosgraph_msgs_generate_messages_py
[  0%] Built target pose_graph_tools_generate_messages_eus
[  0%] Built target dynamic_reconfigure_generate_messages_nodejs
[  0%] Built target bond_generate_messages_nodejs
[  0%] Built target pose_graph_tools_generate_messages_py
[  0%] Built target nodelet_generate_messages_eus
[  0%] Built target visualization_msgs_generate_messages_lisp
[  0%] Built target bond_generate_messages_py
[  0%] Built target bond_generate_messages_lisp
[  0%] Built target bond_generate_messages_eus
[  0%] Built target dynamic_reconfigure_gencfg
[  0%] Built target map_msgs_generate_messages_eus
[  0%] Built target pcl_msgs_generate_messages_eus
[  0%] Built target pcl_msgs_generate_messages_cpp
[  0%] Built target rviz_generate_messages_lisp
[  0%] Built target pcl_msgs_generate_messages_lisp
[  0%] Built target pcl_msgs_generate_messages_py
[  0%] Built target tf_generate_messages_py
[  0%] Built target pcl_msgs_generate_messages_nodejs
[  0%] Built target rviz_generate_messages_py
[  0%] Built target rviz_generate_messages_nodejs
[  0%] Built target map_msgs_generate_messages_lisp
[  0%] Built target map_msgs_generate_messages_cpp
[  0%] Built target actionlib_generate_messages_cpp
[  0%] Built target sensor_msgs_generate_messages_lisp
[  0%] Built target tf2_msgs_generate_messages_nodejs
[  0%] Built target map_msgs_generate_messages_nodejs
[  0%] Built target actionlib_generate_messages_lisp
[35m[1mScanning dependencies of target kimera_vio_ros[0m
[ 21%] [32mBuilding CXX object CMakeFiles/kimera_vio_ros.dir/src/RosDataProviderInterface.cpp.o[0m
[ 21%] [32mBuilding CXX object CMakeFiles/kimera_vio_ros.dir/src/RosBagDataProvider.cpp.o[0m
[ 21%] [32mBuilding CXX object CMakeFiles/kimera_vio_ros.dir/src/KimeraVioRos.cpp.o[0m
[ 35%] [32mBuilding CXX object CMakeFiles/kimera_vio_ros.dir/src/RosDisplay.cpp.o[0m
[ 35%] [32mBuilding CXX object CMakeFiles/kimera_vio_ros.dir/src/RosOnlineDataProvider.cpp.o[0m
[ 42%] [32mBuilding CXX object CMakeFiles/kimera_vio_ros.dir/src/RosVisualizer.cpp.o[0m
[ 50%] [32mBuilding CXX object CMakeFiles/kimera_vio_ros.dir/src/RosLoopClosureVisualizer.cpp.o[0m
[ 57%] [32mBuilding CXX object CMakeFiles/kimera_vio_ros.dir/src/utils/CsvPublisher.cpp.o[0m
[ 64%] [32m[1mLinking CXX shared library /home/banafshe/catkin_ws/devel/lib/libkimera_vio_ros.so[0m
[ 71%] Built target kimera_vio_ros
[35m[1mScanning dependencies of target csv_publisher_node[0m
[35m[1mScanning dependencies of target kimera_vio_ros_node[0m
[ 78%] [32mBuilding CXX object CMakeFiles/csv_publisher_node.dir/src/utils/CsvPublisherNode.cpp.o[0m
[ 85%] [32mBuilding CXX object CMakeFiles/kimera_vio_ros_node.dir/src/KimeraVioRosNode.cpp.o[0m
[ 92%] [32m[1mLinking CXX executable /home/banafshe/catkin_ws/devel/lib/kimera_vio_ros/csv_publisher_node[0m
/usr/bin/ld: warning: libopencv_core.so.4.2, needed by /opt/ros/noetic/lib/libcv_bridge.so, may conflict with libopencv_core.so.3.4
[ 92%] Built target csv_publisher_node
[100%] [32m[1mLinking CXX executable /home/banafshe/catkin_ws/devel/lib/kimera_vio_ros/kimera_vio_ros_node[0m
[100%] Built target kimera_vio_ros_node
